<?xml version="1.0" encoding="UTF-8"?>
<testsuites name="Test_Suite_Basic" time="4.787" tests="1" failures="0" errors="0">
   <testsuite name="Test_Suite_Basic" tests="1" failures="0" errors="0" time="4.787" skipped="0" timestamp="20-02-2024T15:56:41" hostname="acerd - 192.168.1.65" id="Test Suites/Test_Suite_Basic">
      <properties>
         <property name="deviceName" value=""/>
         <property name="devicePlatform" value=""/>
         <property name="logFolder" value="/Users/acerd/git/katalonTrueTest/Reports/20240220_155639/Test_Suite_Basic/20240220_155640"/>
         <property name="logFiles" value="/Users/acerd/git/katalonTrueTest/Reports/20240220_155639/Test_Suite_Basic/20240220_155640/execution0.log"/>
         <property name="attachments" value=""/>
         <property name="hostName" value="acerd - 192.168.1.65"/>
         <property name="os" value="Mac OS X 64bit"/>
         <property name="katalonVersion" value="9.3.0.212"/>
         <property name="browser" value="Chrome 121.0.0.0"/>
         <property name="hostAddress" value="192.168.1.65"/>
         <property name="sessionId" value="50c263f9914597b58c152f839b646f9e"/>
         <property name="seleniumVersion" value="3.141.59"/>
         <property name="proxyInformation" value="ProxyInformation { proxyOption=NO_PROXY, proxyServerType=HTTP, username=, password=********, proxyServerAddress=, proxyServerPort=0, executionList=&quot;&quot;, isApplyToDesiredCapabilities=true }"/>
         <property name="platform" value="Mac OS X"/>
      </properties>
      <testcase name="Test Cases/Test_Case_01" time="4.722" classname="Test Cases/Test_Case_01" status="PASSED">
         <system-out><![CDATA[20-02-2024T15:56:41 - [TEST_CASE][PASSED] - Test Cases/Test_Case_01: Test Cases/Test_Case_01

20-02-2024T15:56:41 - [TEST_STEP][PASSED] - openBrowser(""): Browser is opened with url: ''

20-02-2024T15:56:41 - [MESSAGE][INFO] - Starting 'Chrome' driver

20-02-2024T15:56:41 - [MESSAGE][INFO] - Action delay is set to 0 milliseconds

20-02-2024T15:56:42 - [MESSAGE][PASSED] - Browser is opened with url: ''

20-02-2024T15:56:42 - [TEST_STEP][PASSED] - navigateToUrl("https://davidacero.github.io/katalonTrueTest/"): Navigate to 'https://davidacero.github.io/katalonTrueTest/' successfully

20-02-2024T15:56:43 - [MESSAGE][PASSED] - Navigate to 'https://davidacero.github.io/katalonTrueTest/' successfully

20-02-2024T15:56:43 - [TEST_STEP][PASSED] - selectOptionByValue(findTestObject("Object Repository/Page_React App/select_SelectLowest to HighestHighest to Lowest"), "highestprice", true): All options with value 'highestprice' are selected in object 'Object Repository/Page_React App/select_SelectLowest to HighestHighest to Lowest'  using regular expression

20-02-2024T15:56:45 - [MESSAGE][PASSED] - All options with value 'highestprice' are selected in object 'Object Repository/Page_React App/select_SelectLowest to HighestHighest to Lowest'  using regular expression

20-02-2024T15:56:45 - [TEST_STEP][PASSED] - selectOptionByValue(findTestObject("Object Repository/Page_React App/select_SelectLowest to HighestHighest to Lowest"), "lowestprice", true): All options with value 'lowestprice' are selected in object 'Object Repository/Page_React App/select_SelectLowest to HighestHighest to Lowest'  using regular expression

20-02-2024T15:56:46 - [MESSAGE][PASSED] - All options with value 'lowestprice' are selected in object 'Object Repository/Page_React App/select_SelectLowest to HighestHighest to Lowest'  using regular expression

20-02-2024T15:56:46 - [TEST_STEP][PASSED] - closeBrowser(): Browser is closed

20-02-2024T15:56:46 - [MESSAGE][PASSED] - Browser is closed]]></system-out>
         <system-err><![CDATA[]]></system-err>
      </testcase>
      <system-out><![CDATA[20-02-2024T15:56:41 - [TEST_SUITE][PASSED] - Test_Suite_Basic: Test Cases/Test_Case_01]]></system-out>
      <system-err><![CDATA[]]></system-err>
   </testsuite>
</testsuites>
