<?xml version="1.0" encoding="UTF-8"?>
<testsuites name="Test_Suite_Basic" time="3.285" tests="1" failures="0" errors="0">
   <testsuite name="Test_Suite_Basic" tests="1" failures="0" errors="0" time="3.285" skipped="0" timestamp="20-02-2024T15:05:39" hostname="acerd - localhost" id="Test Suites/Test_Suite_Basic">
      <properties>
         <property name="deviceName" value=""/>
         <property name="devicePlatform" value=""/>
         <property name="logFolder" value="/Users/acerd/git/katalonTrueTest/Reports/20240220_150536/Test_Suite_Basic/20240220_150537"/>
         <property name="logFiles" value="/Users/acerd/git/katalonTrueTest/Reports/20240220_150536/Test_Suite_Basic/20240220_150537/execution0.log"/>
         <property name="attachments" value=""/>
         <property name="hostName" value="acerd - localhost"/>
         <property name="os" value="Mac OS X 64bit"/>
         <property name="katalonVersion" value="9.3.0.212"/>
         <property name="browser" value="Chrome 121.0.0.0"/>
         <property name="hostAddress" value="127.0.0.1"/>
         <property name="sessionId" value="77effb3c6c893544cc5d457916399a7f"/>
         <property name="seleniumVersion" value="3.141.59"/>
         <property name="proxyInformation" value="ProxyInformation { proxyOption=NO_PROXY, proxyServerType=HTTP, username=, password=********, proxyServerAddress=, proxyServerPort=0, executionList=&quot;&quot;, isApplyToDesiredCapabilities=true }"/>
         <property name="platform" value="Mac OS X"/>
      </properties>
      <testcase name="Test Cases/Test_01" time="3.216" classname="Test Cases/Test_01" status="PASSED">
         <system-out><![CDATA[20-02-2024T15:05:39 - [TEST_CASE][PASSED] - Test Cases/Test_01: Test Cases/Test_01

20-02-2024T15:05:39 - [TEST_STEP][PASSED] - openBrowser(""): Browser is opened with url: ''

20-02-2024T15:05:39 - [MESSAGE][INFO] - Starting 'Chrome' driver

20-02-2024T15:05:39 - [MESSAGE][INFO] - Action delay is set to 0 milliseconds

20-02-2024T15:05:40 - [MESSAGE][PASSED] - Browser is opened with url: ''

20-02-2024T15:05:40 - [TEST_STEP][PASSED] - navigateToUrl("https://katalon-demo-cura.herokuapp.com/"): Navigate to 'https://katalon-demo-cura.herokuapp.com/' successfully

20-02-2024T15:05:41 - [MESSAGE][PASSED] - Navigate to 'https://katalon-demo-cura.herokuapp.com/' successfully

20-02-2024T15:05:41 - [TEST_STEP][PASSED] - click(findTestObject("Object Repository/Page_CURA Healthcare Service/a_Make Appointment")): Object: 'Object Repository/Page_CURA Healthcare Service/a_Make Appointment' is clicked on

20-02-2024T15:05:42 - [MESSAGE][PASSED] - Object: 'Object Repository/Page_CURA Healthcare Service/a_Make Appointment' is clicked on

20-02-2024T15:05:42 - [TEST_STEP][PASSED] - closeBrowser(): Browser is closed

20-02-2024T15:05:42 - [MESSAGE][PASSED] - Browser is closed]]></system-out>
         <system-err><![CDATA[]]></system-err>
      </testcase>
      <system-out><![CDATA[20-02-2024T15:05:39 - [TEST_SUITE][PASSED] - Test_Suite_Basic: Test Cases/Test_01]]></system-out>
      <system-err><![CDATA[]]></system-err>
   </testsuite>
</testsuites>
