<?xml version="1.0" encoding="UTF-8"?>
<testsuites name="Regression Test Suite" time="17.028" tests="5" failures="0" errors="0">
   <testsuite name="Regression Test Suite" tests="5" failures="0" errors="0" time="17.028" skipped="0" timestamp="20-02-2024T16:03:07" hostname="acerd - 192.168.1.65" id="Test Suites/Regression Test Suite">
      <properties>
         <property name="deviceName" value=""/>
         <property name="devicePlatform" value=""/>
         <property name="logFolder" value="/Users/acerd/git/katalonTrueTest/Reports/20240220_160305/Regression Test Suite/20240220_160306"/>
         <property name="logFiles" value="/Users/acerd/git/katalonTrueTest/Reports/20240220_160305/Regression Test Suite/20240220_160306/execution0.log"/>
         <property name="attachments" value=""/>
         <property name="hostName" value="acerd - 192.168.1.65"/>
         <property name="os" value="Mac OS X 64bit"/>
         <property name="katalonVersion" value="9.3.0.212"/>
         <property name="browser" value="Chrome 121.0.0.0"/>
         <property name="hostAddress" value="192.168.1.65"/>
         <property name="sessionId" value="c230a914a9a6b639197055a65d661760"/>
         <property name="seleniumVersion" value="3.141.59"/>
         <property name="proxyInformation" value="ProxyInformation { proxyOption=NO_PROXY, proxyServerType=HTTP, username=, password=********, proxyServerAddress=, proxyServerPort=0, executionList=&quot;&quot;, isApplyToDesiredCapabilities=true }"/>
         <property name="platform" value="Mac OS X"/>
      </properties>
      <testcase name="Test Cases/TC_01_Sort" time="4.579" classname="Test Cases/TC_01_Sort" status="PASSED">
         <system-out><![CDATA[20-02-2024T16:03:07 - [TEST_CASE][PASSED] - Test Cases/TC_01_Sort: Test Cases/TC_01_Sort

20-02-2024T16:03:08 - [TEST_STEP][PASSED] - openBrowser(""): Browser is opened with url: ''

20-02-2024T16:03:08 - [MESSAGE][INFO] - Starting 'Chrome' driver

20-02-2024T16:03:08 - [MESSAGE][INFO] - Action delay is set to 0 milliseconds

20-02-2024T16:03:09 - [MESSAGE][PASSED] - Browser is opened with url: ''

20-02-2024T16:03:09 - [TEST_STEP][PASSED] - navigateToUrl("https://davidacero.github.io/katalonTrueTest/"): Navigate to 'https://davidacero.github.io/katalonTrueTest/' successfully

20-02-2024T16:03:09 - [MESSAGE][PASSED] - Navigate to 'https://davidacero.github.io/katalonTrueTest/' successfully

20-02-2024T16:03:09 - [TEST_STEP][PASSED] - selectOptionByValue(findTestObject("Object Repository/Page_React App/select_SelectLowest to HighestHighest to Lowest"), "highestprice", true): All options with value 'highestprice' are selected in object 'Object Repository/Page_React App/select_SelectLowest to HighestHighest to Lowest'  using regular expression

20-02-2024T16:03:11 - [MESSAGE][PASSED] - All options with value 'highestprice' are selected in object 'Object Repository/Page_React App/select_SelectLowest to HighestHighest to Lowest'  using regular expression

20-02-2024T16:03:11 - [TEST_STEP][PASSED] - selectOptionByValue(findTestObject("Object Repository/Page_React App/select_SelectLowest to HighestHighest to Lowest"), "lowestprice", true): All options with value 'lowestprice' are selected in object 'Object Repository/Page_React App/select_SelectLowest to HighestHighest to Lowest'  using regular expression

20-02-2024T16:03:12 - [MESSAGE][PASSED] - All options with value 'lowestprice' are selected in object 'Object Repository/Page_React App/select_SelectLowest to HighestHighest to Lowest'  using regular expression

20-02-2024T16:03:12 - [TEST_STEP][PASSED] - closeBrowser(): Browser is closed

20-02-2024T16:03:12 - [MESSAGE][PASSED] - Browser is closed]]></system-out>
         <system-err><![CDATA[]]></system-err>
      </testcase>
      <testcase name="Test Cases/TC_01_Sort" time="3.634" classname="Test Cases/TC_01_Sort" status="PASSED">
         <system-out><![CDATA[20-02-2024T16:03:12 - [TEST_CASE][PASSED] - Test Cases/TC_01_Sort: Test Cases/TC_01_Sort

20-02-2024T16:03:12 - [TEST_STEP][PASSED] - openBrowser(""): Browser is opened with url: ''

20-02-2024T16:03:12 - [MESSAGE][INFO] - Starting 'Chrome' driver

20-02-2024T16:03:12 - [MESSAGE][INFO] - Action delay is set to 0 milliseconds

20-02-2024T16:03:13 - [MESSAGE][PASSED] - Browser is opened with url: ''

20-02-2024T16:03:13 - [TEST_STEP][PASSED] - navigateToUrl("https://davidacero.github.io/katalonTrueTest/"): Navigate to 'https://davidacero.github.io/katalonTrueTest/' successfully

20-02-2024T16:03:13 - [MESSAGE][PASSED] - Navigate to 'https://davidacero.github.io/katalonTrueTest/' successfully

20-02-2024T16:03:13 - [TEST_STEP][PASSED] - selectOptionByValue(findTestObject("Object Repository/Page_React App/select_SelectLowest to HighestHighest to Lowest"), "highestprice", true): All options with value 'highestprice' are selected in object 'Object Repository/Page_React App/select_SelectLowest to HighestHighest to Lowest'  using regular expression

20-02-2024T16:03:15 - [MESSAGE][PASSED] - All options with value 'highestprice' are selected in object 'Object Repository/Page_React App/select_SelectLowest to HighestHighest to Lowest'  using regular expression

20-02-2024T16:03:15 - [TEST_STEP][PASSED] - selectOptionByValue(findTestObject("Object Repository/Page_React App/select_SelectLowest to HighestHighest to Lowest"), "lowestprice", true): All options with value 'lowestprice' are selected in object 'Object Repository/Page_React App/select_SelectLowest to HighestHighest to Lowest'  using regular expression

20-02-2024T16:03:15 - [MESSAGE][PASSED] - All options with value 'lowestprice' are selected in object 'Object Repository/Page_React App/select_SelectLowest to HighestHighest to Lowest'  using regular expression

20-02-2024T16:03:15 - [TEST_STEP][PASSED] - closeBrowser(): Browser is closed

20-02-2024T16:03:16 - [MESSAGE][PASSED] - Browser is closed]]></system-out>
         <system-err><![CDATA[]]></system-err>
      </testcase>
      <testcase name="Test Cases/TC_02_AddToCart" time="2.603" classname="Test Cases/TC_02_AddToCart" status="PASSED">
         <system-out><![CDATA[20-02-2024T16:03:16 - [TEST_CASE][PASSED] - Test Cases/TC_02_AddToCart: Test Cases/TC_02_AddToCart

20-02-2024T16:03:16 - [TEST_STEP][PASSED] - openBrowser(""): Browser is opened with url: ''

20-02-2024T16:03:16 - [MESSAGE][INFO] - Starting 'Chrome' driver

20-02-2024T16:03:16 - [MESSAGE][INFO] - Action delay is set to 0 milliseconds

20-02-2024T16:03:16 - [MESSAGE][PASSED] - Browser is opened with url: ''

20-02-2024T16:03:16 - [TEST_STEP][PASSED] - navigateToUrl("https://davidacero.github.io/katalonTrueTest/"): Navigate to 'https://davidacero.github.io/katalonTrueTest/' successfully

20-02-2024T16:03:17 - [MESSAGE][PASSED] - Navigate to 'https://davidacero.github.io/katalonTrueTest/' successfully

20-02-2024T16:03:17 - [TEST_STEP][PASSED] - click(findTestObject("Object Repository/Page_React App/button_Add to Cart")): Object: 'Object Repository/Page_React App/button_Add to Cart' is clicked on

20-02-2024T16:03:18 - [MESSAGE][PASSED] - Object: 'Object Repository/Page_React App/button_Add to Cart' is clicked on

20-02-2024T16:03:18 - [TEST_STEP][PASSED] - click(findTestObject("Object Repository/Page_React App/svg_Sort by_w-5 h-5")): Object: 'Object Repository/Page_React App/svg_Sort by_w-5 h-5' is clicked on

20-02-2024T16:03:18 - [MESSAGE][PASSED] - Object: 'Object Repository/Page_React App/svg_Sort by_w-5 h-5' is clicked on

20-02-2024T16:03:18 - [TEST_STEP][PASSED] - closeBrowser(): Browser is closed

20-02-2024T16:03:18 - [MESSAGE][PASSED] - Browser is closed]]></system-out>
         <system-err><![CDATA[]]></system-err>
      </testcase>
      <testcase name="Test Cases/TC_01_Sort" time="3.657" classname="Test Cases/TC_01_Sort" status="PASSED">
         <system-out><![CDATA[20-02-2024T16:03:18 - [TEST_CASE][PASSED] - Test Cases/TC_01_Sort: Test Cases/TC_01_Sort

20-02-2024T16:03:18 - [TEST_STEP][PASSED] - openBrowser(""): Browser is opened with url: ''

20-02-2024T16:03:18 - [MESSAGE][INFO] - Starting 'Chrome' driver

20-02-2024T16:03:18 - [MESSAGE][INFO] - Action delay is set to 0 milliseconds

20-02-2024T16:03:19 - [MESSAGE][PASSED] - Browser is opened with url: ''

20-02-2024T16:03:19 - [TEST_STEP][PASSED] - navigateToUrl("https://davidacero.github.io/katalonTrueTest/"): Navigate to 'https://davidacero.github.io/katalonTrueTest/' successfully

20-02-2024T16:03:19 - [MESSAGE][PASSED] - Navigate to 'https://davidacero.github.io/katalonTrueTest/' successfully

20-02-2024T16:03:19 - [TEST_STEP][PASSED] - selectOptionByValue(findTestObject("Object Repository/Page_React App/select_SelectLowest to HighestHighest to Lowest"), "highestprice", true): All options with value 'highestprice' are selected in object 'Object Repository/Page_React App/select_SelectLowest to HighestHighest to Lowest'  using regular expression

20-02-2024T16:03:21 - [MESSAGE][PASSED] - All options with value 'highestprice' are selected in object 'Object Repository/Page_React App/select_SelectLowest to HighestHighest to Lowest'  using regular expression

20-02-2024T16:03:21 - [TEST_STEP][PASSED] - selectOptionByValue(findTestObject("Object Repository/Page_React App/select_SelectLowest to HighestHighest to Lowest"), "lowestprice", true): All options with value 'lowestprice' are selected in object 'Object Repository/Page_React App/select_SelectLowest to HighestHighest to Lowest'  using regular expression

20-02-2024T16:03:22 - [MESSAGE][PASSED] - All options with value 'lowestprice' are selected in object 'Object Repository/Page_React App/select_SelectLowest to HighestHighest to Lowest'  using regular expression

20-02-2024T16:03:22 - [TEST_STEP][PASSED] - closeBrowser(): Browser is closed

20-02-2024T16:03:22 - [MESSAGE][PASSED] - Browser is closed]]></system-out>
         <system-err><![CDATA[]]></system-err>
      </testcase>
      <testcase name="Test Cases/TC_02_AddToCart" time="2.479" classname="Test Cases/TC_02_AddToCart" status="PASSED">
         <system-out><![CDATA[20-02-2024T16:03:22 - [TEST_CASE][PASSED] - Test Cases/TC_02_AddToCart: Test Cases/TC_02_AddToCart

20-02-2024T16:03:22 - [TEST_STEP][PASSED] - openBrowser(""): Browser is opened with url: ''

20-02-2024T16:03:22 - [MESSAGE][INFO] - Starting 'Chrome' driver

20-02-2024T16:03:22 - [MESSAGE][INFO] - Action delay is set to 0 milliseconds

20-02-2024T16:03:22 - [MESSAGE][PASSED] - Browser is opened with url: ''

20-02-2024T16:03:22 - [TEST_STEP][PASSED] - navigateToUrl("https://davidacero.github.io/katalonTrueTest/"): Navigate to 'https://davidacero.github.io/katalonTrueTest/' successfully

20-02-2024T16:03:23 - [MESSAGE][PASSED] - Navigate to 'https://davidacero.github.io/katalonTrueTest/' successfully

20-02-2024T16:03:23 - [TEST_STEP][PASSED] - click(findTestObject("Object Repository/Page_React App/button_Add to Cart")): Object: 'Object Repository/Page_React App/button_Add to Cart' is clicked on

20-02-2024T16:03:24 - [MESSAGE][PASSED] - Object: 'Object Repository/Page_React App/button_Add to Cart' is clicked on

20-02-2024T16:03:24 - [TEST_STEP][PASSED] - click(findTestObject("Object Repository/Page_React App/svg_Sort by_w-5 h-5")): Object: 'Object Repository/Page_React App/svg_Sort by_w-5 h-5' is clicked on

20-02-2024T16:03:24 - [MESSAGE][PASSED] - Object: 'Object Repository/Page_React App/svg_Sort by_w-5 h-5' is clicked on

20-02-2024T16:03:24 - [TEST_STEP][PASSED] - closeBrowser(): Browser is closed

20-02-2024T16:03:24 - [MESSAGE][PASSED] - Browser is closed]]></system-out>
         <system-err><![CDATA[]]></system-err>
      </testcase>
      <system-out><![CDATA[20-02-2024T16:03:07 - [TEST_SUITE][PASSED] - Regression Test Suite: Test Cases/TC_02_AddToCart]]></system-out>
      <system-err><![CDATA[]]></system-err>
   </testsuite>
</testsuites>
