<?xml version="1.0" encoding="UTF-8"?>
<testsuites name="Test_Suite_Basic" time="3.268" tests="1" failures="0" errors="0">
   <testsuite name="Test_Suite_Basic" tests="1" failures="0" errors="0" time="3.268" skipped="0" timestamp="20-02-2024T15:26:44" hostname="acerd - 192.168.1.65" id="Test Suites/Test_Suite_Basic">
      <properties>
         <property name="deviceName" value=""/>
         <property name="devicePlatform" value=""/>
         <property name="logFolder" value="/Users/acerd/git/katalonTrueTest/Reports/20240220_152641/Test_Suite_Basic/20240220_152642"/>
         <property name="logFiles" value="/Users/acerd/git/katalonTrueTest/Reports/20240220_152641/Test_Suite_Basic/20240220_152642/execution0.log"/>
         <property name="attachments" value=""/>
         <property name="hostName" value="acerd - 192.168.1.65"/>
         <property name="os" value="Mac OS X 64bit"/>
         <property name="katalonVersion" value="9.3.0.212"/>
         <property name="browser" value="Chrome 121.0.0.0"/>
         <property name="hostAddress" value="192.168.1.65"/>
         <property name="sessionId" value="b2262e0a78f0b0a0339abae6d1929d7c"/>
         <property name="seleniumVersion" value="3.141.59"/>
         <property name="proxyInformation" value="ProxyInformation { proxyOption=NO_PROXY, proxyServerType=HTTP, username=, password=********, proxyServerAddress=, proxyServerPort=0, executionList=&quot;&quot;, isApplyToDesiredCapabilities=true }"/>
         <property name="platform" value="Mac OS X"/>
      </properties>
      <testcase name="Test Cases/Test_01" time="3.199" classname="Test Cases/Test_01" status="PASSED">
         <system-out><![CDATA[20-02-2024T15:26:44 - [TEST_CASE][PASSED] - Test Cases/Test_01: Test Cases/Test_01

20-02-2024T15:26:44 - [TEST_STEP][PASSED] - openBrowser(""): Browser is opened with url: ''

20-02-2024T15:26:44 - [MESSAGE][INFO] - Starting 'Chrome' driver

20-02-2024T15:26:44 - [MESSAGE][INFO] - Action delay is set to 0 milliseconds

20-02-2024T15:26:45 - [MESSAGE][PASSED] - Browser is opened with url: ''

20-02-2024T15:26:45 - [TEST_STEP][PASSED] - navigateToUrl("https://katalon-demo-cura.herokuapp.com/"): Navigate to 'https://katalon-demo-cura.herokuapp.com/' successfully

20-02-2024T15:26:46 - [MESSAGE][PASSED] - Navigate to 'https://katalon-demo-cura.herokuapp.com/' successfully

20-02-2024T15:26:46 - [TEST_STEP][PASSED] - click(findTestObject("Object Repository/Page_CURA Healthcare Service/a_Make Appointment")): Object: 'Object Repository/Page_CURA Healthcare Service/a_Make Appointment' is clicked on

20-02-2024T15:26:47 - [MESSAGE][PASSED] - Object: 'Object Repository/Page_CURA Healthcare Service/a_Make Appointment' is clicked on

20-02-2024T15:26:47 - [TEST_STEP][PASSED] - closeBrowser(): Browser is closed

20-02-2024T15:26:47 - [MESSAGE][PASSED] - Browser is closed]]></system-out>
         <system-err><![CDATA[]]></system-err>
      </testcase>
      <system-out><![CDATA[20-02-2024T15:26:44 - [TEST_SUITE][PASSED] - Test_Suite_Basic: Test Cases/Test_01]]></system-out>
      <system-err><![CDATA[]]></system-err>
   </testsuite>
</testsuites>
